
                            < M A T L A B (R) >
                  Copyright 1984-2019 The MathWorks, Inc.
              R2019b Update 6 (9.7.0.1434023) 64-bit (glnxa64)
                               July 15, 2020

 
For online documentation, see https://www.mathworks.com/support
For product information, visit www.mathworks.com.
 
>> >> >> >> >> >> >> >> >> >> >> >> >> >> >> >> >> >> >> >> >> >> >> >> >> Writing: 200001010000
Writing: 200001010030
Writing: 200001010100
Writing: 200001010130
Writing: 200001010200
Writing: 200001010230
Writing: 200001010300
Writing: 200001010330
Writing: 200001010400
Writing: 200001010430
Writing: 200001010500
Writing: 200001010530
Writing: 200001010600
Writing: 200001010630
Writing: 200001010700
Writing: 200001010730
Writing: 200001010800
Writing: 200001010830
Writing: 200001010900
Writing: 200001010930
Writing: 200001011000
Writing: 200001011030
Writing: 200001011100
Writing: 200001011130
Writing: 200001011200
Writing: 200001011230
Writing: 200001011300
Writing: 200001011330
Writing: 200001011400
Writing: 200001011430
Writing: 200001011500
Writing: 200001011530
Writing: 200001011600
Writing: 200001011630
Writing: 200001011700
Writing: 200001011730
Writing: 200001011800
Writing: 200001011830
Writing: 200001011900
Writing: 200001011930
Writing: 200001012000
Writing: 200001012030
Writing: 200001012100
Writing: 200001012130
Writing: 200001012200
Writing: 200001012230
Writing: 200001012300
Writing: 200001012330
Writing: 200001020000
Writing: 200001020030
Writing: 200001020100
Writing: 200001020130
Writing: 200001020200
Writing: 200001020230
Writing: 200001020300
Writing: 200001020330
Writing: 200001020400
Writing: 200001020430
Writing: 200001020500
Writing: 200001020530
Writing: 200001020600
Writing: 200001020630
Writing: 200001020700
Writing: 200001020730
Writing: 200001020800
Writing: 200001020830
Writing: 200001020900
Writing: 200001020930
Writing: 200001021000
Writing: 200001021030
Writing: 200001021100
Writing: 200001021130
Writing: 200001021200
Writing: 200001021230
Writing: 200001021300
Writing: 200001021330
Writing: 200001021400
Writing: 200001021430
Writing: 200001021500
Writing: 200001021530
Writing: 200001021600
Writing: 200001021630
Writing: 200001021700
Writing: 200001021730
Writing: 200001021800
Writing: 200001021830
Writing: 200001021900
Writing: 200001021930
Writing: 200001022000
Writing: 200001022030
Writing: 200001022100
Writing: 200001022130
Writing: 200001022200
Writing: 200001022230
Writing: 200001022300
Writing: 200001022330
Writing: 200001030000
Writing: 200001030030
Writing: 200001030100
Writing: 200001030130
Writing: 200001030200
Writing: 200001030230
Writing: 200001030300
Writing: 200001030330
Writing: 200001030400
Writing: 200001030430
Writing: 200001030500
Writing: 200001030530
Writing: 200001030600
Writing: 200001030630
Writing: 200001030700
Writing: 200001030730
Writing: 200001030800
Writing: 200001030830
Writing: 200001030900
Writing: 200001030930
Writing: 200001031000
Writing: 200001031030
Writing: 200001031100
Writing: 200001031130
Writing: 200001031200
Writing: 200001031230
Writing: 200001031300
Writing: 200001031330
Writing: 200001031400
Writing: 200001031430
Writing: 200001031500
Writing: 200001031530
Writing: 200001031600
Writing: 200001031630
Writing: 200001031700
Writing: 200001031730
Writing: 200001031800
Writing: 200001031830
Writing: 200001031900
Writing: 200001031930
Writing: 200001032000
Writing: 200001032030
Writing: 200001032100
Writing: 200001032130
Writing: 200001032200
Writing: 200001032230
Writing: 200001032300
Writing: 200001032330
Writing: 200001040000
Writing: 200001040030
Writing: 200001040100
Writing: 200001040130
Writing: 200001040200
Writing: 200001040230
Writing: 200001040300
Writing: 200001040330
Writing: 200001040400
Writing: 200001040430
Writing: 200001040500
Writing: 200001040530
Writing: 200001040600
Writing: 200001040630
Writing: 200001040700
Writing: 200001040730
Writing: 200001040800
Writing: 200001040830
Writing: 200001040900
Writing: 200001040930
Writing: 200001041000
Writing: 200001041030
Writing: 200001041100
Writing: 200001041130
Writing: 200001041200
Writing: 200001041230
Writing: 200001041300
Writing: 200001041330
Writing: 200001041400
Writing: 200001041430
Writing: 200001041500
Writing: 200001041530
Writing: 200001041600
Writing: 200001041630
Writing: 200001041700
Writing: 200001041730
Writing: 200001041800
Writing: 200001041830
Writing: 200001041900
Writing: 200001041930
Writing: 200001042000
Writing: 200001042030
Writing: 200001042100
Writing: 200001042130
Writing: 200001042200
Writing: 200001042230
Writing: 200001042300
Writing: 200001042330
Writing: 200001050000
Writing: 200001050030
Writing: 200001050100
Writing: 200001050130
Writing: 200001050200
Writing: 200001050230
Writing: 200001050300
Writing: 200001050330
Writing: 200001050400
Writing: 200001050430
Writing: 200001050500
Writing: 200001050530
Writing: 200001050600
Writing: 200001050630
Writing: 200001050700
Writing: 200001050730
Writing: 200001050800
Writing: 200001050830
Writing: 200001050900
Writing: 200001050930
Writing: 200001051000
Writing: 200001051030
Writing: 200001051100
Writing: 200001051130
Writing: 200001051200
Writing: 200001051230
Writing: 200001051300
Writing: 200001051330
Writing: 200001051400
Writing: 200001051430
Writing: 200001051500
Writing: 200001051530
Writing: 200001051600
Writing: 200001051630
Writing: 200001051700
Writing: 200001051730
Writing: 200001051800
Writing: 200001051830
Writing: 200001051900
Writing: 200001051930
Writing: 200001052000
Writing: 200001052030
Writing: 200001052100
Writing: 200001052130
Writing: 200001052200
Writing: 200001052230
Writing: 200001052300
Writing: 200001052330
Writing: 200001060000
Writing: 200001060030
Writing: 200001060100
Writing: 200001060130
Writing: 200001060200
Writing: 200001060230
Writing: 200001060300
Writing: 200001060330
Writing: 200001060400
Writing: 200001060430
Writing: 200001060500
Writing: 200001060530
Writing: 200001060600
Writing: 200001060630
Writing: 200001060700
Writing: 200001060730
Writing: 200001060800
Writing: 200001060830
Writing: 200001060900
Writing: 200001060930
Writing: 200001061000
Writing: 200001061030
Writing: 200001061100
Writing: 200001061130
Writing: 200001061200
Writing: 200001061230
Writing: 200001061300
Writing: 200001061330
Writing: 200001061400
Writing: 200001061430
Writing: 200001061500
Writing: 200001061530
Writing: 200001061600
Writing: 200001061630
Writing: 200001061700
Writing: 200001061730
Writing: 200001061800
Writing: 200001061830
Writing: 200001061900
Writing: 200001061930
Writing: 200001062000
Writing: 200001062030
Writing: 200001062100
Writing: 200001062130
Writing: 200001062200
Writing: 200001062230
Writing: 200001062300
Writing: 200001062330
Writing: 200001070000
Writing: 200001070030
Writing: 200001070100
Writing: 200001070130
Writing: 200001070200
Writing: 200001070230
Writing: 200001070300
Writing: 200001070330
Writing: 200001070400
Writing: 200001070430
Writing: 200001070500
Writing: 200001070530
Writing: 200001070600
Writing: 200001070630
Writing: 200001070700
Writing: 200001070730
Writing: 200001070800
Writing: 200001070830
Writing: 200001070900
Writing: 200001070930
Writing: 200001071000
Writing: 200001071030
Writing: 200001071100
Writing: 200001071130
Writing: 200001071200
Writing: 200001071230
Writing: 200001071300
Writing: 200001071330
Writing: 200001071400
Writing: 200001071430
Writing: 200001071500
Writing: 200001071530
Writing: 200001071600
Writing: 200001071630
Writing: 200001071700
Writing: 200001071730
Writing: 200001071800
Writing: 200001071830
Writing: 200001071900
Writing: 200001071930
Writing: 200001072000
Writing: 200001072030
Writing: 200001072100
Writing: 200001072130
Writing: 200001072200
Writing: 200001072230
Writing: 200001072300
Writing: 200001072330
Writing: 200001080000
Writing: 200001080030
Writing: 200001080100
Writing: 200001080130
Writing: 200001080200
Writing: 200001080230
Writing: 200001080300
Writing: 200001080330
Writing: 200001080400
Writing: 200001080430
Writing: 200001080500
Writing: 200001080530
Writing: 200001080600
>> [Warning:
Connection to the X11 Display Server (localhost:14.0) has been lost.
No more graphics windows can no longer be displayed in this session.
Graphics Objects can still be printed, and all commands should still work.
We recommend that you try to save your current session and exit.] 
>> >> >> >> >> SWAN input file created: /scale_wlg_persistent/filesets/project/niwa03150/santanarc/delft3d/projects/VANUATU/luganville_3/test_LV_matlab5.dat
>> >> >> >> [Warning:
Connection to the X11 Display Server (localhost:14.0) has been lost.
No more graphics windows can no longer be displayed in this session.
Graphics Objects can still be printed, and all commands should still work.
We recommend that you try to save your current session and exit.] 
